<?xml version="1.0" encoding="UTF-8"?>
<!-- Generated by org.testng.reporters.JUnitReportReporter -->
<testsuite hostname="DI-DENG" name="to8to_app.logins.TestClassApp" tests="1" failures="0" timestamp="7 Aug 2018 10:45:02 GMT" time="33.611" errors="0">
  <testcase name="BtnStay" time="33.611" classname="to8to_app.logins.TestClassApp"/>
</testsuite> <!-- to8to_app.logins.TestClassApp -->
