<?xml version="1.0" encoding="UTF-8"?>
<!-- Generated by org.testng.reporters.JUnitReportReporter -->
<testsuite hostname="DI-DENG" name="to8to_app.logins.Index_AccountLogin" tests="1" failures="0" timestamp="26 Jul 2018 09:57:39 GMT" time="58.533" errors="0">
  <testcase name="BtnStay" time="58.533" classname="to8to_app.logins.Index_AccountLogin"/>
</testsuite> <!-- to8to_app.logins.Index_AccountLogin -->
